#
# There is insufficient memory for the Java Runtime Environment to continue.
# Native memory allocation (malloc) failed to allocate 32744 bytes for ChunkPool::allocate
# Possible reasons:
#   The system is out of physical RAM or swap space
#   The process is running with CompressedOops enabled, and the Java Heap may be blocking the growth of the native heap
# Possible solutions:
#   Reduce memory load on the system
#   Increase physical memory or swap space
#   Check if swap backing store is full
#   Decrease Java heap size (-Xmx/-Xms)
#   Decrease number of Java threads
#   Decrease Java thread stack sizes (-Xss)
#   Set larger code cache with -XX:ReservedCodeCacheSize=
#   JVM is running with Unscaled Compressed Oops mode in which the Java heap is
#     placed in the first 4GB address space. The Java Heap base address is the
#     maximum limit for the native heap growth. Please use -XX:HeapBaseMinAddress
#     to set the Java Heap base and to place the Java Heap above 4GB virtual address.
# This output file may be truncated or incomplete.
#
#  Out of Memory Error (./src/hotspot/share/memory/arena.cpp:79), pid=17640, tid=11228
#
# JRE version: OpenJDK Runtime Environment AdoptOpenJDK (15.0.2+7) (build 15.0.2+7)
# Java VM: OpenJDK 64-Bit Server VM AdoptOpenJDK (15.0.2+7, mixed mode, sharing, tiered, compressed oops, g1 gc, windows-amd64)
# No core dump will be written. Minidumps are not enabled by default on client versions of Windows
#

---------------  S U M M A R Y ------------

Command Line: -Dsts.lsp.client=vscode -Dsts.log.file=/dev/null -XX:TieredStopAtLevel=1 -Dspring.config.location=file:c:\Users\lenovo\.vscode\extensions\pivotal.vscode-spring-boot-1.28.0\language-server\BOOT-INF\classes\application.properties org.springframework.ide.vscode.boot.app.BootLanguageServerBootApp

Host: AMD A8-7410 APU with AMD Radeon R5 Graphics    , 4 cores, 3G,  Windows 10 , 64 bit Build 19041 (10.0.19041.1202)
Time: Wed Oct 13 19:12:16 2021 Hora estándar de Argentina elapsed time: 3595.859739 seconds (0d 0h 59m 55s)

---------------  T H R E A D  ---------------

Current thread (0x000001dce6bf2190):  JavaThread "C1 CompilerThread0" daemon [_thread_in_native, id=11228, stack(0x000000d602700000,0x000000d602800000)]


Current CompileTask:
C1:3595860 5527       1       org.eclipse.jdt.internal.compiler.ast.Annotation::resolveType (1559 bytes)

Stack: [0x000000d602700000,0x000000d602800000]
Native frames: (J=compiled Java code, j=interpreted, Vv=VM code, C=native code)
V  [jvm.dll+0x5f7a3a]
V  [jvm.dll+0x796fe9]
V  [jvm.dll+0x798743]
V  [jvm.dll+0x798d93]
V  [jvm.dll+0x1fc4f8]
V  [jvm.dll+0x99a3b]
V  [jvm.dll+0x99d9c]
V  [jvm.dll+0xd778f]
V  [jvm.dll+0x1280da]
V  [jvm.dll+0x115ee0]
V  [jvm.dll+0xfedc9]
V  [jvm.dll+0xfe6df]
V  [jvm.dll+0xfe90f]
V  [jvm.dll+0xfdba4]
V  [jvm.dll+0xffab7]
V  [jvm.dll+0x1e0454]
V  [jvm.dll+0x1de59b]
V  [jvm.dll+0x75bbcd]
V  [jvm.dll+0x754aca]
V  [jvm.dll+0x5f67e6]
C  [ucrtbase.dll+0x21bb2]
C  [KERNEL32.DLL+0x17034]
C  [ntdll.dll+0x52651]


---------------  P R O C E S S  ---------------

Threads class SMR info:
_java_thread_list=0x000001dce8c1c610, length=20, elements={
0x000001dccab5ea70, 0x000001dce6bd2db0, 0x000001dce6becc90, 0x000001dce6bed650,
0x000001dce6bf07c0, 0x000001dce6bf2190, 0x000001dce6bf3330, 0x000001dce6e144b0,
0x000001dce6e17d80, 0x000001dce72eb630, 0x000001dccaa81840, 0x000001dce70a8a60,
0x000001dce89f1700, 0x000001dce78076b0, 0x000001dce8a0d8e0, 0x000001dce70a77c0,
0x000001dce716d370, 0x000001dce798e3c0, 0x000001dce798e890, 0x000001dce7990570
}

Java Threads: ( => current thread )
  0x000001dccab5ea70 JavaThread "Reference Handler" daemon [_thread_blocked, id=17576, stack(0x000000d602200000,0x000000d602300000)]
  0x000001dce6bd2db0 JavaThread "Finalizer" daemon [_thread_blocked, id=7080, stack(0x000000d602300000,0x000000d602400000)]
  0x000001dce6becc90 JavaThread "Signal Dispatcher" daemon [_thread_blocked, id=7984, stack(0x000000d602400000,0x000000d602500000)]
  0x000001dce6bed650 JavaThread "Attach Listener" daemon [_thread_blocked, id=680, stack(0x000000d602500000,0x000000d602600000)]
  0x000001dce6bf07c0 JavaThread "Service Thread" daemon [_thread_blocked, id=408, stack(0x000000d602600000,0x000000d602700000)]
=>0x000001dce6bf2190 JavaThread "C1 CompilerThread0" daemon [_thread_in_native, id=11228, stack(0x000000d602700000,0x000000d602800000)]
  0x000001dce6bf3330 JavaThread "Sweeper thread" daemon [_thread_blocked, id=11968, stack(0x000000d602800000,0x000000d602900000)]
  0x000001dce6e144b0 JavaThread "Notification Thread" daemon [_thread_blocked, id=13624, stack(0x000000d602900000,0x000000d602a00000)]
  0x000001dce6e17d80 JavaThread "Common-Cleaner" daemon [_thread_blocked, id=6500, stack(0x000000d602b00000,0x000000d602c00000)]
  0x000001dce72eb630 JavaThread "LanguageServerApp-lifecycle" [_thread_blocked, id=6952, stack(0x000000d601900000,0x000000d601a00000)]
  0x000001dccaa81840 JavaThread "DestroyJavaVM" [_thread_blocked, id=8396, stack(0x000000d601b00000,0x000000d601c00000)]
  0x000001dce70a8a60 JavaThread "pool-5-thread-1" [_thread_in_native, id=18048, stack(0x000000d601a00000,0x000000d601b00000)]
  0x000001dce89f1700 JavaThread "Simple-Language-Server main thread" daemon [_thread_blocked, id=11252, stack(0x000000d602c00000,0x000000d602d00000)]
  0x000001dce78076b0 JavaThread "pool-4-thread-1" [_thread_blocked, id=14932, stack(0x000000d603100000,0x000000d603200000)]
  0x000001dce8a0d8e0 JavaThread "Reconciler-1" [_thread_blocked, id=6516, stack(0x000000d603200000,0x000000d603300000)]
  0x000001dce70a77c0 JavaThread "parallel-1" daemon [_thread_blocked, id=10048, stack(0x000000d603300000,0x000000d603400000)]
  0x000001dce716d370 JavaThread "pool-2-thread-1" [_thread_blocked, id=9412, stack(0x000000d603600000,0x000000d603700000)]
  0x000001dce798e3c0 JavaThread "ForkJoinPool.commonPool-worker-1" daemon [_thread_blocked, id=18392, stack(0x000000d603500000,0x000000d603600000)]
  0x000001dce798e890 JavaThread "ForkJoinPool.commonPool-worker-7" daemon [_thread_blocked, id=18992, stack(0x000000d603800000,0x000000d603900000)]
  0x000001dce7990570 JavaThread "ForkJoinPool.commonPool-worker-3" daemon [_thread_blocked, id=17680, stack(0x000000d603400000,0x000000d603500000)]

Other Threads:
  0x000001dccab5a8e0 VMThread "VM Thread" [stack: 0x000000d602100000,0x000000d602200000] [id=20288]
  0x000001dce6e17130 WatcherThread [stack: 0x000000d602a00000,0x000000d602b00000] [id=17760]
  0x000001dccaab0e30 GCTaskThread "GC Thread#0" [stack: 0x000000d601c00000,0x000000d601d00000] [id=19876]
  0x000001dce7041860 GCTaskThread "GC Thread#1" [stack: 0x000000d601800000,0x000000d601900000] [id=17952]
  0x000001dce7043510 GCTaskThread "GC Thread#2" [stack: 0x000000d602f00000,0x000000d603000000] [id=8084]
  0x000001dce7041b90 GCTaskThread "GC Thread#3" [stack: 0x000000d603000000,0x000000d603100000] [id=7200]
  0x000001dccaab9cd0 ConcurrentGCThread "G1 Main Marker" [stack: 0x000000d601d00000,0x000000d601e00000] [id=20408]
  0x000001dccaaba8c0 ConcurrentGCThread "G1 Conc#0" [stack: 0x000000d601e00000,0x000000d601f00000] [id=12828]
  0x000001dccaaf7460 ConcurrentGCThread "G1 Refine#0" [stack: 0x000000d601f00000,0x000000d602000000] [id=19088]
  0x000001dce9048310 ConcurrentGCThread "G1 Refine#1" [stack: 0x000000d602d00000,0x000000d602e00000] [id=6768]
  0x000001dce9025e20 ConcurrentGCThread "G1 Refine#2" [stack: 0x000000d602e00000,0x000000d602f00000] [id=12460]
  0x000001dccaaf8060 ConcurrentGCThread "G1 Young RemSet Sampling" [stack: 0x000000d602000000,0x000000d602100000] [id=7296]

Threads with active compile tasks:
C1 CompilerThread0  3599757 5527       1       org.eclipse.jdt.internal.compiler.ast.Annotation::resolveType (1559 bytes)

VM state: not at safepoint (normal execution)

VM Mutex/Monitor currently owned by a thread: None

Heap address: 0x00000000c9600000, size: 874 MB, Compressed Oops mode: 32-bit
CDS archive(s) mapped at: [0x0000000800000000-0x0000000800b50000-0x0000000800b50000), size 11862016, SharedBaseAddress: 0x0000000800000000, ArchiveRelocationMode: 0.
Compressed class space mapped at: 0x0000000800b50000-0x0000000840b50000, size: 1073741824
Narrow klass base: 0x0000000800000000, Narrow klass shift: 3, Narrow klass range: 0x100000000

GC Precious Log:
 CPUs: 4 total, 4 available
 Memory: 3490M
 Large Page Support: Disabled
 NUMA Support: Disabled
 Compressed Oops: Enabled (32-bit)
 Heap Region Size: 1M
 Heap Min Capacity: 8M
 Heap Initial Capacity: 56M
 Heap Max Capacity: 874M
 Pre-touch: Disabled
 Parallel Workers: 4
 Concurrent Workers: 1
 Concurrent Refinement Workers: 4
 Periodic GC: Disabled

Heap:
 garbage-first heap   total 56320K, used 39864K [0x00000000c9600000, 0x0000000100000000)
  region size 1024K, 17 young (17408K), 2 survivors (2048K)
 Metaspace       used 32765K, capacity 33096K, committed 33456K, reserved 1079296K
  class space    used 4104K, capacity 4239K, committed 4352K, reserved 1048576K

Heap Regions: E=young(eden), S=young(survivor), O=old, HS=humongous(starts), HC=humongous(continues), CS=collection set, F=free, OA=open archive, CA=closed archive, TAMS=top-at-mark-start (previous, next)
|   0|0x00000000c9600000, 0x00000000c9700000, 0x00000000c9700000|100%| O|  |TAMS 0x00000000c9700000, 0x00000000c9600000| Untracked 
|   1|0x00000000c9700000, 0x00000000c9800000, 0x00000000c9800000|100%| O|  |TAMS 0x00000000c9800000, 0x00000000c9700000| Untracked 
|   2|0x00000000c9800000, 0x00000000c9900000, 0x00000000c9900000|100%| O|  |TAMS 0x00000000c9900000, 0x00000000c9800000| Untracked 
|   3|0x00000000c9900000, 0x00000000c9a00000, 0x00000000c9a00000|100%| O|  |TAMS 0x00000000c9a00000, 0x00000000c9900000| Untracked 
|   4|0x00000000c9a00000, 0x00000000c9b00000, 0x00000000c9b00000|100%| O|  |TAMS 0x00000000c9b00000, 0x00000000c9a00000| Untracked 
|   5|0x00000000c9b00000, 0x00000000c9b00000, 0x00000000c9c00000|  0%| F|  |TAMS 0x00000000c9b00000, 0x00000000c9b00000| Untracked 
|   6|0x00000000c9c00000, 0x00000000c9c00000, 0x00000000c9d00000|  0%| F|  |TAMS 0x00000000c9c00000, 0x00000000c9c00000| Untracked 
|   7|0x00000000c9d00000, 0x00000000c9e00000, 0x00000000c9e00000|100%| O|  |TAMS 0x00000000c9e00000, 0x00000000c9d00000| Untracked 
|   8|0x00000000c9e00000, 0x00000000c9e00000, 0x00000000c9f00000|  0%| F|  |TAMS 0x00000000c9e00000, 0x00000000c9e00000| Untracked 
|   9|0x00000000c9f00000, 0x00000000c9f00000, 0x00000000ca000000|  0%| F|  |TAMS 0x00000000c9f00000, 0x00000000c9f00000| Untracked 
|  10|0x00000000ca000000, 0x00000000ca000000, 0x00000000ca100000|  0%| F|  |TAMS 0x00000000ca000000, 0x00000000ca000000| Untracked 
|  11|0x00000000ca100000, 0x00000000ca200000, 0x00000000ca200000|100%| O|  |TAMS 0x00000000ca200000, 0x00000000ca100000| Untracked 
|  12|0x00000000ca200000, 0x00000000ca200000, 0x00000000ca300000|  0%| F|  |TAMS 0x00000000ca200000, 0x00000000ca200000| Untracked 
|  13|0x00000000ca300000, 0x00000000ca300000, 0x00000000ca400000|  0%| F|  |TAMS 0x00000000ca300000, 0x00000000ca300000| Untracked 
|  14|0x00000000ca400000, 0x00000000ca500000, 0x00000000ca500000|100%|HS|  |TAMS 0x00000000ca500000, 0x00000000ca400000| Complete 
|  15|0x00000000ca500000, 0x00000000ca600000, 0x00000000ca600000|100%| O|  |TAMS 0x00000000ca600000, 0x00000000ca500000| Untracked 
|  16|0x00000000ca600000, 0x00000000ca700000, 0x00000000ca700000|100%| O|  |TAMS 0x00000000ca700000, 0x00000000ca600000| Untracked 
|  17|0x00000000ca700000, 0x00000000ca800000, 0x00000000ca800000|100%| O|  |TAMS 0x00000000ca800000, 0x00000000ca700000| Untracked 
|  18|0x00000000ca800000, 0x00000000ca900000, 0x00000000ca900000|100%| O|  |TAMS 0x00000000ca900000, 0x00000000ca800000| Untracked 
|  19|0x00000000ca900000, 0x00000000caa00000, 0x00000000caa00000|100%| O|  |TAMS 0x00000000caa00000, 0x00000000ca900000| Untracked 
|  20|0x00000000caa00000, 0x00000000cab00000, 0x00000000cab00000|100%| O|  |TAMS 0x00000000cab00000, 0x00000000caa00000| Untracked 
|  21|0x00000000cab00000, 0x00000000cac00000, 0x00000000cac00000|100%| O|  |TAMS 0x00000000cac00000, 0x00000000cab00000| Untracked 
|  22|0x00000000cac00000, 0x00000000cad00000, 0x00000000cad00000|100%| O|  |TAMS 0x00000000cad00000, 0x00000000cac00000| Untracked 
|  23|0x00000000cad00000, 0x00000000cae00000, 0x00000000cae00000|100%| O|  |TAMS 0x00000000cae00000, 0x00000000cad00000| Untracked 
|  24|0x00000000cae00000, 0x00000000caf00000, 0x00000000caf00000|100%| O|  |TAMS 0x00000000caf00000, 0x00000000cae00000| Untracked 
|  25|0x00000000caf00000, 0x00000000caf00000, 0x00000000cb000000|  0%| F|  |TAMS 0x00000000caf00000, 0x00000000caf00000| Untracked 
|  26|0x00000000cb000000, 0x00000000cb100000, 0x00000000cb100000|100%| O|  |TAMS 0x00000000cb100000, 0x00000000cb000000| Untracked 
|  27|0x00000000cb100000, 0x00000000cb1c8400, 0x00000000cb200000| 78%| O|  |TAMS 0x00000000cb148000, 0x00000000cb100000| Untracked 
|  28|0x00000000cb200000, 0x00000000cb300000, 0x00000000cb300000|100%| O|  |TAMS 0x00000000cb300000, 0x00000000cb200000| Untracked 
|  29|0x00000000cb300000, 0x00000000cb400000, 0x00000000cb400000|100%| O|  |TAMS 0x00000000cb400000, 0x00000000cb300000| Untracked 
|  30|0x00000000cb400000, 0x00000000cb500000, 0x00000000cb500000|100%| O|  |TAMS 0x00000000cb500000, 0x00000000cb400000| Untracked 
|  31|0x00000000cb500000, 0x00000000cb600000, 0x00000000cb600000|100%| O|  |TAMS 0x00000000cb600000, 0x00000000cb500000| Untracked 
|  32|0x00000000cb600000, 0x00000000cb625e18, 0x00000000cb700000| 14%| S|CS|TAMS 0x00000000cb600000, 0x00000000cb600000| Complete 
|  33|0x00000000cb700000, 0x00000000cb800000, 0x00000000cb800000|100%| S|CS|TAMS 0x00000000cb700000, 0x00000000cb700000| Complete 
|  34|0x00000000cb800000, 0x00000000cb800000, 0x00000000cb900000|  0%| F|  |TAMS 0x00000000cb800000, 0x00000000cb800000| Untracked 
|  35|0x00000000cb900000, 0x00000000cb900000, 0x00000000cba00000|  0%| F|  |TAMS 0x00000000cb900000, 0x00000000cb900000| Untracked 
|  36|0x00000000cba00000, 0x00000000cba00000, 0x00000000cbb00000|  0%| F|  |TAMS 0x00000000cba00000, 0x00000000cba00000| Untracked 
|  37|0x00000000cbb00000, 0x00000000cbb00000, 0x00000000cbc00000|  0%| F|  |TAMS 0x00000000cbb00000, 0x00000000cbb00000| Untracked 
|  38|0x00000000cbc00000, 0x00000000cbc00000, 0x00000000cbd00000|  0%| F|  |TAMS 0x00000000cbc00000, 0x00000000cbc00000| Untracked 
|  39|0x00000000cbd00000, 0x00000000cbd00000, 0x00000000cbe00000|  0%| F|  |TAMS 0x00000000cbd00000, 0x00000000cbd00000| Untracked 
|  40|0x00000000cbe00000, 0x00000000cbe87cc0, 0x00000000cbf00000| 53%| E|  |TAMS 0x00000000cbe00000, 0x00000000cbe00000| Complete 
|  41|0x00000000cbf00000, 0x00000000cc000000, 0x00000000cc000000|100%| E|CS|TAMS 0x00000000cbf00000, 0x00000000cbf00000| Complete 
|  42|0x00000000cc000000, 0x00000000cc100000, 0x00000000cc100000|100%| E|CS|TAMS 0x00000000cc000000, 0x00000000cc000000| Complete 
|  43|0x00000000cc100000, 0x00000000cc200000, 0x00000000cc200000|100%| E|CS|TAMS 0x00000000cc100000, 0x00000000cc100000| Complete 
|  44|0x00000000cc200000, 0x00000000cc300000, 0x00000000cc300000|100%| E|CS|TAMS 0x00000000cc200000, 0x00000000cc200000| Complete 
|  45|0x00000000cc300000, 0x00000000cc400000, 0x00000000cc400000|100%| E|CS|TAMS 0x00000000cc300000, 0x00000000cc300000| Complete 
|  46|0x00000000cc400000, 0x00000000cc500000, 0x00000000cc500000|100%| E|CS|TAMS 0x00000000cc400000, 0x00000000cc400000| Complete 
|  47|0x00000000cc500000, 0x00000000cc600000, 0x00000000cc600000|100%| E|CS|TAMS 0x00000000cc500000, 0x00000000cc500000| Complete 
|  48|0x00000000cc600000, 0x00000000cc700000, 0x00000000cc700000|100%| E|CS|TAMS 0x00000000cc600000, 0x00000000cc600000| Complete 
|  49|0x00000000cc700000, 0x00000000cc800000, 0x00000000cc800000|100%| E|CS|TAMS 0x00000000cc700000, 0x00000000cc700000| Complete 
|  50|0x00000000cc800000, 0x00000000cc900000, 0x00000000cc900000|100%| E|CS|TAMS 0x00000000cc800000, 0x00000000cc800000| Complete 
|  51|0x00000000cc900000, 0x00000000cca00000, 0x00000000cca00000|100%| E|CS|TAMS 0x00000000cc900000, 0x00000000cc900000| Complete 
|  52|0x00000000cca00000, 0x00000000ccb00000, 0x00000000ccb00000|100%| E|CS|TAMS 0x00000000cca00000, 0x00000000cca00000| Complete 
|  53|0x00000000ccb00000, 0x00000000ccc00000, 0x00000000ccc00000|100%| E|CS|TAMS 0x00000000ccb00000, 0x00000000ccb00000| Complete 
|  55|0x00000000ccd00000, 0x00000000cce00000, 0x00000000cce00000|100%| E|CS|TAMS 0x00000000ccd00000, 0x00000000ccd00000| Complete 

Card table byte_map: [0x000001dce1f90000,0x000001dce2150000] _byte_map_base: 0x000001dce1945000

Marking Bits (Prev, Next): (CMBitMap*) 0x000001dccaab2670, (CMBitMap*) 0x000001dccaab2630
 Prev Bits: [0x000001dce30c0000, 0x000001dce3e68000)
 Next Bits: [0x000001dce2310000, 0x000001dce30b8000)

Polling page: 0x000001dcc89d0000

Metaspace:

Usage:
  Non-class:     28.18 MB capacity,    27.99 MB (>99%) used,   153.44 KB ( <1%) free+waste,    42.94 KB ( <1%) overhead. 
      Class:      4.14 MB capacity,     4.01 MB ( 97%) used,   116.90 KB (  3%) free+waste,    17.19 KB ( <1%) overhead. 
       Both:     32.32 MB capacity,    32.00 MB (>99%) used,   270.34 KB ( <1%) free+waste,    60.13 KB ( <1%) overhead. 

Virtual space:
  Non-class space:       30.00 MB reserved,      28.42 MB ( 95%) committed 
      Class space:        1.00 GB reserved,       4.25 MB ( <1%) committed 
             Both:        1.03 GB reserved,      32.67 MB (  3%) committed 

Chunk freelists:
   Non-Class:  55.00 KB
       Class:  49.00 KB
        Both:  104.00 KB

MaxMetaspaceSize: 17179869184.00 GB
CompressedClassSpaceSize: 1.00 GB

CodeHeap 'non-profiled nmethods': size=238912Kb used=9374Kb max_used=9374Kb free=229537Kb
 bounds [0x000001dcd3640000, 0x000001dcd3f70000, 0x000001dce1f90000]
CodeHeap 'non-nmethods': size=6848Kb used=1265Kb max_used=1265Kb free=5582Kb
 bounds [0x000001dcd2f90000, 0x000001dcd3200000, 0x000001dcd3640000]
 total_blobs=5994 nmethods=5442 adapters=480
 compilation: enabled
              stopped_count=0, restarted_count=0
 full_count=0

Compilation events (20 events):
Event: 3435.948 Thread 0x000001dce6bf2190 nmethod 5518 0x000001dcd3f63690 code [0x000001dcd3f63880, 0x000001dcd3f63a88]
Event: 3435.948 Thread 0x000001dce6bf2190 5521       1       com.google.gson.internal.bind.ArrayTypeAdapter::write (58 bytes)
Event: 3435.949 Thread 0x000001dce6bf2190 nmethod 5521 0x000001dcd3f63c10 code [0x000001dcd3f63e00, 0x000001dcd3f63ff8]
Event: 3435.949 Thread 0x000001dce6bf2190 5519       1       com.google.gson.internal.bind.TypeAdapters$EnumTypeAdapter::write (10 bytes)
Event: 3435.949 Thread 0x000001dce6bf2190 nmethod 5519 0x000001dcd3f64190 code [0x000001dcd3f64340, 0x000001dcd3f644f8]
Event: 3435.949 Thread 0x000001dce6bf2190 5520       1       com.google.gson.internal.bind.TypeAdapters$EnumTypeAdapter::write (27 bytes)
Event: 3435.949 Thread 0x000001dce6bf2190 nmethod 5520 0x000001dcd3f64610 code [0x000001dcd3f647c0, 0x000001dcd3f64938]
Event: 3435.949 Thread 0x000001dce6bf2190 5517       1       java.lang.Class::getField0 (99 bytes)
Event: 3435.950 Thread 0x000001dce6bf2190 nmethod 5517 0x000001dcd3f64a10 code [0x000001dcd3f64c00, 0x000001dcd3f64e68]
Event: 3594.773 Thread 0x000001dce6bf2190 5522       1       ch.qos.logback.classic.Logger::debug (16 bytes)
Event: 3594.773 Thread 0x000001dce6bf2190 nmethod 5522 0x000001dcd3f65090 code [0x000001dcd3f65220, 0x000001dcd3f65328]
Event: 3594.773 Thread 0x000001dce6bf2190 5523       1       com.google.common.cache.LocalCache$Segment::getEntry (73 bytes)
Event: 3594.777 Thread 0x000001dce6bf2190 nmethod 5523 0x000001dcd3f65390 code [0x000001dcd3f65620, 0x000001dcd3f65df8]
Event: 3594.777 Thread 0x000001dce6bf2190 5525       1       java.lang.Class::getDeclaredMethod (63 bytes)
Event: 3594.778 Thread 0x000001dce6bf2190 nmethod 5525 0x000001dcd3f66410 code [0x000001dcd3f66640, 0x000001dcd3f66b38]
Event: 3594.778 Thread 0x000001dce6bf2190 5524       1       com.google.common.cache.LocalCache$Segment::getFirst (21 bytes)
Event: 3594.779 Thread 0x000001dce6bf2190 nmethod 5524 0x000001dcd3f66e10 code [0x000001dcd3f67000, 0x000001dcd3f67448]
Event: 3594.779 Thread 0x000001dce6bf2190 5526       1       org.eclipse.jdt.internal.compiler.ast.AbstractMethodDeclaration::isCanonicalConstructor (2 bytes)
Event: 3594.780 Thread 0x000001dce6bf2190 nmethod 5526 0x000001dcd3f67710 code [0x000001dcd3f678a0, 0x000001dcd3f67958]
Event: 3594.955 Thread 0x000001dce6bf2190 5527       1       org.eclipse.jdt.internal.compiler.ast.Annotation::resolveType (1559 bytes)

GC Heap History (20 events):
Event: 2455.809 GC heap before
{Heap before GC invocations=17 (full 0):
 garbage-first heap   total 56320K, used 42534K [0x00000000c9600000, 0x0000000100000000)
  region size 1024K, 16 young (16384K), 2 survivors (2048K)
 Metaspace       used 32451K, capacity 32802K, committed 33072K, reserved 1079296K
  class space    used 4040K, capacity 4155K, committed 4224K, reserved 1048576K
}
Event: 2455.815 GC heap after
{Heap after GC invocations=18 (full 0):
 garbage-first heap   total 56320K, used 28885K [0x00000000c9600000, 0x0000000100000000)
  region size 1024K, 2 young (2048K), 2 survivors (2048K)
 Metaspace       used 32451K, capacity 32802K, committed 33072K, reserved 1079296K
  class space    used 4040K, capacity 4155K, committed 4224K, reserved 1048576K
}
Event: 2455.842 GC heap before
{Heap before GC invocations=18 (full 0):
 garbage-first heap   total 56320K, used 28885K [0x00000000c9600000, 0x0000000100000000)
  region size 1024K, 3 young (3072K), 2 survivors (2048K)
 Metaspace       used 32451K, capacity 32802K, committed 33072K, reserved 1079296K
  class space    used 4040K, capacity 4155K, committed 4224K, reserved 1048576K
}
Event: 2455.890 GC heap after
{Heap after GC invocations=19 (full 0):
 garbage-first heap   total 56320K, used 26840K [0x00000000c9600000, 0x0000000100000000)
  region size 1024K, 1 young (1024K), 1 survivors (1024K)
 Metaspace       used 32451K, capacity 32802K, committed 33072K, reserved 1079296K
  class space    used 4040K, capacity 4155K, committed 4224K, reserved 1048576K
}
Event: 2465.093 GC heap before
{Heap before GC invocations=19 (full 0):
 garbage-first heap   total 56320K, used 42200K [0x00000000c9600000, 0x0000000100000000)
  region size 1024K, 16 young (16384K), 1 survivors (1024K)
 Metaspace       used 32469K, capacity 32802K, committed 33072K, reserved 1079296K
  class space    used 4042K, capacity 4155K, committed 4224K, reserved 1048576K
}
Event: 2465.099 GC heap after
{Heap after GC invocations=20 (full 0):
 garbage-first heap   total 56320K, used 29192K [0x00000000c9600000, 0x0000000100000000)
  region size 1024K, 2 young (2048K), 2 survivors (2048K)
 Metaspace       used 32469K, capacity 32802K, committed 33072K, reserved 1079296K
  class space    used 4042K, capacity 4155K, committed 4224K, reserved 1048576K
}
Event: 2867.048 GC heap before
{Heap before GC invocations=21 (full 0):
 garbage-first heap   total 56320K, used 43528K [0x00000000c9600000, 0x0000000100000000)
  region size 1024K, 16 young (16384K), 2 survivors (2048K)
 Metaspace       used 32577K, capacity 32898K, committed 33200K, reserved 1079296K
  class space    used 4071K, capacity 4187K, committed 4352K, reserved 1048576K
}
Event: 2867.286 GC heap after
{Heap after GC invocations=22 (full 0):
 garbage-first heap   total 56320K, used 29679K [0x00000000c9600000, 0x0000000100000000)
  region size 1024K, 2 young (2048K), 2 survivors (2048K)
 Metaspace       used 32577K, capacity 32898K, committed 33200K, reserved 1079296K
  class space    used 4071K, capacity 4187K, committed 4352K, reserved 1048576K
}
Event: 2930.380 GC heap before
{Heap before GC invocations=22 (full 0):
 garbage-first heap   total 56320K, used 30703K [0x00000000c9600000, 0x0000000100000000)
  region size 1024K, 3 young (3072K), 2 survivors (2048K)
 Metaspace       used 32582K, capacity 32898K, committed 33200K, reserved 1079296K
  class space    used 4073K, capacity 4187K, committed 4352K, reserved 1048576K
}
Event: 2931.322 GC heap after
{Heap after GC invocations=23 (full 0):
 garbage-first heap   total 56320K, used 26283K [0x00000000c9600000, 0x0000000100000000)
  region size 1024K, 1 young (1024K), 1 survivors (1024K)
 Metaspace       used 32582K, capacity 32898K, committed 33200K, reserved 1079296K
  class space    used 4073K, capacity 4187K, committed 4352K, reserved 1048576K
}
Event: 2936.170 GC heap before
{Heap before GC invocations=23 (full 0):
 garbage-first heap   total 56320K, used 36523K [0x00000000c9600000, 0x0000000100000000)
  region size 1024K, 11 young (11264K), 1 survivors (1024K)
 Metaspace       used 32637K, capacity 32998K, committed 33456K, reserved 1079296K
  class space    used 4082K, capacity 4194K, committed 4352K, reserved 1048576K
}
Event: 2936.400 GC heap after
{Heap after GC invocations=24 (full 0):
 garbage-first heap   total 56320K, used 26257K [0x00000000c9600000, 0x0000000100000000)
  region size 1024K, 1 young (1024K), 1 survivors (1024K)
 Metaspace       used 32637K, capacity 32998K, committed 33456K, reserved 1079296K
  class space    used 4082K, capacity 4194K, committed 4352K, reserved 1048576K
}
Event: 3302.744 GC heap before
{Heap before GC invocations=25 (full 0):
 garbage-first heap   total 56320K, used 34449K [0x00000000c9600000, 0x0000000100000000)
  region size 1024K, 10 young (10240K), 1 survivors (1024K)
 Metaspace       used 32713K, capacity 33064K, committed 33456K, reserved 1079296K
  class space    used 4090K, capacity 4207K, committed 4352K, reserved 1048576K
}
Event: 3302.806 GC heap after
{Heap after GC invocations=26 (full 0):
 garbage-first heap   total 56320K, used 26493K [0x00000000c9600000, 0x0000000100000000)
  region size 1024K, 1 young (1024K), 1 survivors (1024K)
 Metaspace       used 32713K, capacity 33064K, committed 33456K, reserved 1079296K
  class space    used 4090K, capacity 4207K, committed 4352K, reserved 1048576K
}
Event: 3302.916 GC heap before
{Heap before GC invocations=26 (full 0):
 garbage-first heap   total 56320K, used 27517K [0x00000000c9600000, 0x0000000100000000)
  region size 1024K, 2 young (2048K), 1 survivors (1024K)
 Metaspace       used 32740K, capacity 33064K, committed 33456K, reserved 1079296K
  class space    used 4100K, capacity 4207K, committed 4352K, reserved 1048576K
}
Event: 3303.063 GC heap after
{Heap after GC invocations=27 (full 0):
 garbage-first heap   total 56320K, used 25168K [0x00000000c9600000, 0x0000000100000000)
  region size 1024K, 1 young (1024K), 1 survivors (1024K)
 Metaspace       used 32740K, capacity 33064K, committed 33456K, reserved 1079296K
  class space    used 4100K, capacity 4207K, committed 4352K, reserved 1048576K
}
Event: 3407.673 GC heap before
{Heap before GC invocations=27 (full 0):
 garbage-first heap   total 56320K, used 41552K [0x00000000c9600000, 0x0000000100000000)
  region size 1024K, 17 young (17408K), 1 survivors (1024K)
 Metaspace       used 32754K, capacity 33096K, committed 33456K, reserved 1079296K
  class space    used 4104K, capacity 4239K, committed 4352K, reserved 1048576K
}
Event: 3407.680 GC heap after
{Heap after GC invocations=28 (full 0):
 garbage-first heap   total 56320K, used 25132K [0x00000000c9600000, 0x0000000100000000)
  region size 1024K, 1 young (1024K), 1 survivors (1024K)
 Metaspace       used 32754K, capacity 33096K, committed 33456K, reserved 1079296K
  class space    used 4104K, capacity 4239K, committed 4352K, reserved 1048576K
}
Event: 3432.402 GC heap before
{Heap before GC invocations=28 (full 0):
 garbage-first heap   total 56320K, used 45612K [0x00000000c9600000, 0x0000000100000000)
  region size 1024K, 21 young (21504K), 1 survivors (1024K)
 Metaspace       used 32765K, capacity 33096K, committed 33456K, reserved 1079296K
  class space    used 4104K, capacity 4239K, committed 4352K, reserved 1048576K
}
Event: 3432.406 GC heap after
{Heap after GC invocations=29 (full 0):
 garbage-first heap   total 56320K, used 25528K [0x00000000c9600000, 0x0000000100000000)
  region size 1024K, 2 young (2048K), 2 survivors (2048K)
 Metaspace       used 32765K, capacity 33096K, committed 33456K, reserved 1079296K
  class space    used 4104K, capacity 4239K, committed 4352K, reserved 1048576K
}

Deoptimization events (6 events):
Event: 271.251 Thread 0x000001dce70a8a60 DEOPT PACKING pc=0x000001dcd388787e sp=0x000000d601afd680
Event: 271.251 Thread 0x000001dce70a8a60 DEOPT UNPACKING pc=0x000001dcd2fddf3f sp=0x000000d601afcb10 mode 3
Event: 284.952 Thread 0x000001dce89f1700 DEOPT PACKING pc=0x000001dcd3a408a9 sp=0x000000d602cfec10
Event: 284.952 Thread 0x000001dce89f1700 DEOPT UNPACKING pc=0x000001dcd2fddf3f sp=0x000000d602cfe078 mode 3
Event: 2437.292 Thread 0x000001dce8a0d8e0 DEOPT PACKING pc=0x000001dcd3cb72d4 sp=0x000000d6032fd9c0
Event: 2437.292 Thread 0x000001dce8a0d8e0 DEOPT UNPACKING pc=0x000001dcd2fddf3f sp=0x000000d6032fcf30 mode 0

Classes unloaded (20 events):
Event: 2427.760 Thread 0x000001dccab5a8e0 Unloading class 0x0000000800d57840 'java/lang/invoke/LambdaForm$MH+0x0000000800d57840'
Event: 2427.760 Thread 0x000001dccab5a8e0 Unloading class 0x0000000800d51440 'java/lang/invoke/LambdaForm$MH+0x0000000800d51440'
Event: 2427.760 Thread 0x000001dccab5a8e0 Unloading class 0x0000000800d50c40 'java/lang/invoke/LambdaForm$DMH+0x0000000800d50c40'
Event: 2427.760 Thread 0x000001dccab5a8e0 Unloading class 0x0000000800d50440 'java/lang/invoke/LambdaForm$DMH+0x0000000800d50440'
Event: 2427.760 Thread 0x000001dccab5a8e0 Unloading class 0x0000000800c61440 'jdk/internal/reflect/GeneratedConstructorAccessor6'
Event: 2427.760 Thread 0x000001dccab5a8e0 Unloading class 0x0000000800c64440 'jdk/internal/reflect/GeneratedConstructorAccessor2'
Event: 2427.760 Thread 0x000001dccab5a8e0 Unloading class 0x0000000800c60440 'java/lang/invoke/LambdaForm$MH+0x0000000800c60440'
Event: 2427.760 Thread 0x000001dccab5a8e0 Unloading class 0x0000000800c60040 'java/lang/invoke/LambdaForm$MH+0x0000000800c60040'
Event: 2427.760 Thread 0x000001dccab5a8e0 Unloading class 0x0000000800c20c40 'java/lang/invoke/LambdaForm$MH+0x0000000800c20c40'
Event: 2427.760 Thread 0x000001dccab5a8e0 Unloading class 0x0000000800c20840 'java/lang/invoke/LambdaForm$MH+0x0000000800c20840'
Event: 2427.761 Thread 0x000001dccab5a8e0 Unloading class 0x0000000800c21440 'java/lang/invoke/LambdaForm$MH+0x0000000800c21440'
Event: 2427.761 Thread 0x000001dccab5a8e0 Unloading class 0x0000000800c21c40 'java/lang/invoke/LambdaForm$MH+0x0000000800c21c40'
Event: 2427.761 Thread 0x000001dccab5a8e0 Unloading class 0x0000000800bb5040 'java/lang/invoke/LambdaForm$MH+0x0000000800bb5040'
Event: 2427.762 Thread 0x000001dccab5a8e0 Unloading class 0x0000000800bb5840 'java/lang/invoke/LambdaForm$MH+0x0000000800bb5840'
Event: 2427.762 Thread 0x000001dccab5a8e0 Unloading class 0x0000000800bb6440 'java/lang/invoke/LambdaForm$MH+0x0000000800bb6440'
Event: 2427.762 Thread 0x000001dccab5a8e0 Unloading class 0x0000000800bb6040 'java/lang/invoke/LambdaForm$MH+0x0000000800bb6040'
Event: 2427.762 Thread 0x000001dccab5a8e0 Unloading class 0x0000000800bb6840 'java/lang/invoke/LambdaForm$MH+0x0000000800bb6840'
Event: 2427.762 Thread 0x000001dccab5a8e0 Unloading class 0x0000000800bb7440 'java/lang/invoke/LambdaForm$MH+0x0000000800bb7440'
Event: 2427.762 Thread 0x000001dccab5a8e0 Unloading class 0x0000000800bb7040 'java/lang/invoke/LambdaForm$MH+0x0000000800bb7040'
Event: 2427.762 Thread 0x000001dccab5a8e0 Unloading class 0x0000000800bb7840 'java/lang/invoke/LambdaForm$MH+0x0000000800bb7840'

Classes redefined (0 events):
No events

Internal exceptions (20 events):
Event: 3434.788 Thread 0x000001dce716d370 Exception <a 'java/lang/ArrayIndexOutOfBoundsException'{0x00000000cc79f3f8}> (0x00000000cc79f3f8) 
thrown [./src/hotspot/share/runtime/sharedRuntime.cpp, line 585]
Event: 3434.791 Thread 0x000001dce716d370 Exception <a 'java/lang/ArrayIndexOutOfBoundsException'{0x00000000cc7b20b0}> (0x00000000cc7b20b0) 
thrown [./src/hotspot/share/runtime/sharedRuntime.cpp, line 585]
Event: 3434.794 Thread 0x000001dce716d370 Exception <a 'java/lang/ArrayIndexOutOfBoundsException'{0x00000000cc7c4e70}> (0x00000000cc7c4e70) 
thrown [./src/hotspot/share/runtime/sharedRuntime.cpp, line 585]
Event: 3434.890 Thread 0x000001dce716d370 Exception <a 'java/lang/ArrayIndexOutOfBoundsException'{0x00000000cc7d7b38}> (0x00000000cc7d7b38) 
thrown [./src/hotspot/share/runtime/sharedRuntime.cpp, line 585]
Event: 3434.908 Thread 0x000001dce716d370 Exception <a 'java/lang/ArrayIndexOutOfBoundsException'{0x00000000cc7eb368}> (0x00000000cc7eb368) 
thrown [./src/hotspot/share/runtime/sharedRuntime.cpp, line 585]
Event: 3434.911 Thread 0x000001dce716d370 Exception <a 'java/lang/ArrayIndexOutOfBoundsException'{0x00000000cc7fe0a8}> (0x00000000cc7fe0a8) 
thrown [./src/hotspot/share/runtime/sharedRuntime.cpp, line 585]
Event: 3434.913 Thread 0x000001dce716d370 Exception <a 'java/lang/ArrayIndexOutOfBoundsException'{0x00000000cc610ed0}> (0x00000000cc610ed0) 
thrown [./src/hotspot/share/runtime/sharedRuntime.cpp, line 585]
Event: 3434.916 Thread 0x000001dce716d370 Exception <a 'java/lang/ArrayIndexOutOfBoundsException'{0x00000000cc623368}> (0x00000000cc623368) 
thrown [./src/hotspot/share/runtime/sharedRuntime.cpp, line 585]
Event: 3434.922 Thread 0x000001dce716d370 Exception <a 'java/lang/ArrayIndexOutOfBoundsException'{0x00000000cc6359f0}> (0x00000000cc6359f0) 
thrown [./src/hotspot/share/runtime/sharedRuntime.cpp, line 585]
Event: 3434.926 Thread 0x000001dce716d370 Exception <a 'java/lang/ArrayIndexOutOfBoundsException'{0x00000000cc648770}> (0x00000000cc648770) 
thrown [./src/hotspot/share/runtime/sharedRuntime.cpp, line 585]
Event: 3434.991 Thread 0x000001dce716d370 Exception <a 'java/lang/ArrayIndexOutOfBoundsException'{0x00000000cc65da30}> (0x00000000cc65da30) 
thrown [./src/hotspot/share/runtime/sharedRuntime.cpp, line 585]
Event: 3435.032 Thread 0x000001dce716d370 Exception <a 'java/lang/ArrayIndexOutOfBoundsException'{0x00000000cc672978}> (0x00000000cc672978) 
thrown [./src/hotspot/share/runtime/sharedRuntime.cpp, line 585]
Event: 3435.042 Thread 0x000001dce716d370 Exception <a 'java/lang/ArrayIndexOutOfBoundsException'{0x00000000cc6882d0}> (0x00000000cc6882d0) 
thrown [./src/hotspot/share/runtime/sharedRuntime.cpp, line 585]
Event: 3435.088 Thread 0x000001dce716d370 Exception <a 'java/lang/ArrayIndexOutOfBoundsException'{0x00000000cc69e0a8}> (0x00000000cc69e0a8) 
thrown [./src/hotspot/share/runtime/sharedRuntime.cpp, line 585]
Event: 3435.112 Thread 0x000001dce716d370 Exception <a 'java/lang/ArrayIndexOutOfBoundsException'{0x00000000cc6b5fb8}> (0x00000000cc6b5fb8) 
thrown [./src/hotspot/share/runtime/sharedRuntime.cpp, line 585]
Event: 3435.129 Thread 0x000001dce716d370 Exception <a 'java/lang/ArrayIndexOutOfBoundsException'{0x00000000cc6cbe60}> (0x00000000cc6cbe60) 
thrown [./src/hotspot/share/runtime/sharedRuntime.cpp, line 585]
Event: 3435.132 Thread 0x000001dce716d370 Exception <a 'java/lang/ArrayIndexOutOfBoundsException'{0x00000000cc6df328}> (0x00000000cc6df328) 
thrown [./src/hotspot/share/runtime/sharedRuntime.cpp, line 585]
Event: 3435.247 Thread 0x000001dce716d370 Exception <a 'java/lang/ArrayIndexOutOfBoundsException'{0x00000000cc6f8610}> (0x00000000cc6f8610) 
thrown [./src/hotspot/share/runtime/sharedRuntime.cpp, line 585]
Event: 3435.286 Thread 0x000001dce716d370 Exception <a 'java/lang/ArrayIndexOutOfBoundsException'{0x00000000cc50c2f0}> (0x00000000cc50c2f0) 
thrown [./src/hotspot/share/runtime/sharedRuntime.cpp, line 585]
Event: 3594.775 Thread 0x000001dce798e3c0 Exception <a 'java/lang/ArrayIndexOutOfBoundsException'{0x00000000cc0003c8}> (0x00000000cc0003c8) 
thrown [./src/hotspot/share/runtime/sharedRuntime.cpp, line 585]

Events (20 events):
Event: 2936.931 Executing VM operation: G1Concurrent done
Event: 3004.560 Thread 0x000001dce798f230 Thread exited: 0x000001dce798f230
Event: 3206.071 Thread 0x000001dce798f230 Thread added: 0x000001dce798f230
Event: 3206.198 Thread 0x000001dce798f700 Thread added: 0x000001dce798f700
Event: 3206.199 Thread 0x000001dce798e890 Thread added: 0x000001dce798e890
Event: 3207.302 Executing VM operation: HandshakeAllThreads
Event: 3207.302 Executing VM operation: HandshakeAllThreads done
Event: 3234.541 loading class java/util/logging/LogRecord
Event: 3234.668 loading class java/util/logging/LogRecord done
Event: 3302.744 Executing VM operation: G1CollectForAllocation
Event: 3302.806 Executing VM operation: G1CollectForAllocation done
Event: 3302.916 Executing VM operation: G1CollectForAllocation
Event: 3303.063 Executing VM operation: G1CollectForAllocation done
Event: 3407.673 Executing VM operation: G1CollectForAllocation
Event: 3407.690 Executing VM operation: G1CollectForAllocation done
Event: 3432.401 Executing VM operation: G1CollectForAllocation
Event: 3432.406 Executing VM operation: G1CollectForAllocation done
Event: 3491.997 Thread 0x000001dce798f700 Thread exited: 0x000001dce798f700
Event: 3552.008 Thread 0x000001dce798f230 Thread exited: 0x000001dce798f230
Event: 3591.919 Thread 0x000001dce7990570 Thread added: 0x000001dce7990570


Dynamic libraries:
0x00007ff734580000 - 0x00007ff73458d000 	C:\Program Files\AdoptOpenJDK\jdk-15.0.2.7-hotspot\bin\java.exe
0x00007ffbd3990000 - 0x00007ffbd3b85000 	C:\WINDOWS\SYSTEM32\ntdll.dll
0x00007ffbd2ee0000 - 0x00007ffbd2f9e000 	C:\WINDOWS\System32\KERNEL32.DLL
0x00007ffbd14e0000 - 0x00007ffbd17a9000 	C:\WINDOWS\System32\KERNELBASE.dll
0x00007ffbd11e0000 - 0x00007ffbd12e0000 	C:\WINDOWS\System32\ucrtbase.dll
0x00007ffbb14c0000 - 0x00007ffbb14d8000 	C:\Program Files\AdoptOpenJDK\jdk-15.0.2.7-hotspot\bin\jli.dll
0x00007ffbd3220000 - 0x00007ffbd33c1000 	C:\WINDOWS\System32\USER32.dll
0x00007ffbc6cd0000 - 0x00007ffbc6f6a000 	C:\WINDOWS\WinSxS\amd64_microsoft.windows.common-controls_6595b64144ccf1df_6.0.19041.1110_none_60b5254171f9507e\COMCTL32.dll
0x00007ffbd1160000 - 0x00007ffbd1182000 	C:\WINDOWS\System32\win32u.dll
0x00007ffbd2480000 - 0x00007ffbd251e000 	C:\WINDOWS\System32\msvcrt.dll
0x00007ffbd3130000 - 0x00007ffbd315b000 	C:\WINDOWS\System32\GDI32.dll
0x00007ffbd17b0000 - 0x00007ffbd18bb000 	C:\WINDOWS\System32\gdi32full.dll
0x00007ffbd12e0000 - 0x00007ffbd137d000 	C:\WINDOWS\System32\msvcp_win.dll
0x00007ffbafd40000 - 0x00007ffbafd55000 	C:\Program Files\AdoptOpenJDK\jdk-15.0.2.7-hotspot\bin\VCRUNTIME140.dll
0x00007ffbd2a90000 - 0x00007ffbd2ac0000 	C:\WINDOWS\System32\IMM32.DLL
0x00007ffb98030000 - 0x00007ffb980cb000 	C:\Program Files\AdoptOpenJDK\jdk-15.0.2.7-hotspot\bin\msvcp140.dll
0x00007ffb53620000 - 0x00007ffb541af000 	C:\Program Files\AdoptOpenJDK\jdk-15.0.2.7-hotspot\bin\server\jvm.dll
0x00007ffbd3160000 - 0x00007ffbd320c000 	C:\WINDOWS\System32\ADVAPI32.dll
0x00007ffbd19e0000 - 0x00007ffbd1a7b000 	C:\WINDOWS\System32\sechost.dll
0x00007ffbd1bb0000 - 0x00007ffbd1cda000 	C:\WINDOWS\System32\RPCRT4.dll
0x00007ffbd2ac0000 - 0x00007ffbd2ac8000 	C:\WINDOWS\System32\PSAPI.DLL
0x00007ffbc7ed0000 - 0x00007ffbc7ed9000 	C:\WINDOWS\SYSTEM32\WSOCK32.dll
0x00007ffbc34e0000 - 0x00007ffbc3507000 	C:\WINDOWS\SYSTEM32\WINMM.dll
0x00007ffbc67e0000 - 0x00007ffbc67ea000 	C:\WINDOWS\SYSTEM32\VERSION.dll
0x00007ffbd2e70000 - 0x00007ffbd2edb000 	C:\WINDOWS\System32\WS2_32.dll
0x00007ffbcf920000 - 0x00007ffbcf932000 	C:\WINDOWS\SYSTEM32\kernel.appcore.dll
0x00007ffbcab30000 - 0x00007ffbcab3a000 	C:\Program Files\AdoptOpenJDK\jdk-15.0.2.7-hotspot\bin\jimage.dll
0x00007ffbceec0000 - 0x00007ffbcf0a4000 	C:\WINDOWS\SYSTEM32\DBGHELP.DLL
0x00007ffbc0020000 - 0x00007ffbc004c000 	C:\WINDOWS\SYSTEM32\dbgcore.DLL
0x00007ffbd18c0000 - 0x00007ffbd1943000 	C:\WINDOWS\System32\bcryptPrimitives.dll
0x00007ffbac620000 - 0x00007ffbac645000 	C:\Program Files\AdoptOpenJDK\jdk-15.0.2.7-hotspot\bin\java.dll
0x00007ffbd1d40000 - 0x00007ffbd247f000 	C:\WINDOWS\System32\SHELL32.dll
0x00007ffbcf190000 - 0x00007ffbcf920000 	C:\WINDOWS\SYSTEM32\windows.storage.dll
0x00007ffbd3440000 - 0x00007ffbd3795000 	C:\WINDOWS\System32\combase.dll
0x00007ffbd0a30000 - 0x00007ffbd0a5c000 	C:\WINDOWS\SYSTEM32\Wldp.dll
0x00007ffbd3080000 - 0x00007ffbd312e000 	C:\WINDOWS\System32\SHCORE.dll
0x00007ffbd1ce0000 - 0x00007ffbd1d35000 	C:\WINDOWS\System32\shlwapi.dll
0x00007ffbd0ff0000 - 0x00007ffbd100f000 	C:\WINDOWS\SYSTEM32\profapi.dll
0x00007ffbac680000 - 0x00007ffbac699000 	C:\Program Files\AdoptOpenJDK\jdk-15.0.2.7-hotspot\bin\net.dll
0x00007ffbc9cf0000 - 0x00007ffbc9df8000 	C:\WINDOWS\SYSTEM32\WINHTTP.dll
0x00007ffbd0790000 - 0x00007ffbd07fa000 	C:\WINDOWS\system32\mswsock.dll
0x00007ffbac170000 - 0x00007ffbac182000 	C:\Program Files\AdoptOpenJDK\jdk-15.0.2.7-hotspot\bin\nio.dll
0x00007ffbac150000 - 0x00007ffbac168000 	C:\Program Files\AdoptOpenJDK\jdk-15.0.2.7-hotspot\bin\zip.dll
0x00007ffbcab90000 - 0x00007ffbcaba0000 	C:\Program Files\AdoptOpenJDK\jdk-15.0.2.7-hotspot\bin\verify.dll
0x00007ffbbf1f0000 - 0x00007ffbbf1f9000 	C:\Program Files\AdoptOpenJDK\jdk-15.0.2.7-hotspot\bin\management.dll
0x00007ffbbde90000 - 0x00007ffbbde9b000 	C:\Program Files\AdoptOpenJDK\jdk-15.0.2.7-hotspot\bin\management_ext.dll
0x00007ffbbe8f0000 - 0x00007ffbbe907000 	C:\WINDOWS\system32\napinsp.dll
0x00007ffbbf3f0000 - 0x00007ffbbf40b000 	C:\WINDOWS\system32\pnrpnsp.dll
0x00007ffbcc330000 - 0x00007ffbcc345000 	C:\WINDOWS\system32\wshbth.dll
0x00007ffbcc700000 - 0x00007ffbcc71d000 	C:\WINDOWS\system32\NLAapi.dll
0x00007ffbd0480000 - 0x00007ffbd04bb000 	C:\WINDOWS\SYSTEM32\IPHLPAPI.DLL
0x00007ffbd04c0000 - 0x00007ffbd058c000 	C:\WINDOWS\SYSTEM32\DNSAPI.dll
0x00007ffbd3430000 - 0x00007ffbd3438000 	C:\WINDOWS\System32\NSI.dll
0x00007ffbc75d0000 - 0x00007ffbc75e2000 	C:\WINDOWS\System32\winrnr.dll
0x00007ffbc9c60000 - 0x00007ffbc9c6a000 	C:\Windows\System32\rasadhlp.dll
0x00007ffbc9b80000 - 0x00007ffbc9bff000 	C:\WINDOWS\System32\fwpuclnt.dll
0x00007ffbd19b0000 - 0x00007ffbd19d7000 	C:\WINDOWS\System32\bcrypt.dll
0x00007ffbd0980000 - 0x00007ffbd0998000 	C:\WINDOWS\SYSTEM32\CRYPTSP.dll
0x00007ffbd0110000 - 0x00007ffbd0144000 	C:\WINDOWS\system32\rsaenh.dll
0x00007ffbd0f00000 - 0x00007ffbd0f2e000 	C:\WINDOWS\SYSTEM32\USERENV.dll
0x00007ffbd09a0000 - 0x00007ffbd09ac000 	C:\WINDOWS\SYSTEM32\CRYPTBASE.dll
0x00007ffbcb210000 - 0x00007ffbcb227000 	C:\WINDOWS\SYSTEM32\dhcpcsvc6.DLL
0x00007ffbcb1f0000 - 0x00007ffbcb20d000 	C:\WINDOWS\SYSTEM32\dhcpcsvc.DLL

dbghelp: loaded successfully - version: 4.0.5 - missing functions: none
symbol engine: initialized successfully - sym options: 0x614 - pdb path: .;C:\Program Files\AdoptOpenJDK\jdk-15.0.2.7-hotspot\bin;C:\WINDOWS\SYSTEM32;C:\WINDOWS\WinSxS\amd64_microsoft.windows.common-controls_6595b64144ccf1df_6.0.19041.1110_none_60b5254171f9507e;C:\Program Files\AdoptOpenJDK\jdk-15.0.2.7-hotspot\bin\server

VM Arguments:
jvm_args: -Dsts.lsp.client=vscode -Dsts.log.file=/dev/null -XX:TieredStopAtLevel=1 -Dspring.config.location=file:c:\Users\lenovo\.vscode\extensions\pivotal.vscode-spring-boot-1.28.0\language-server\BOOT-INF\classes\application.properties 
java_command: org.springframework.ide.vscode.boot.app.BootLanguageServerBootApp
java_class_path (initial): c:\Users\lenovo\.vscode\extensions\pivotal.vscode-spring-boot-1.28.0\language-server\BOOT-INF\classes;c:\Users\lenovo\.vscode\extensions\pivotal.vscode-spring-boot-1.28.0\language-server\BOOT-INF\lib\antlr4-runtime-4.5.3.jar;c:\Users\lenovo\.vscode\extensions\pivotal.vscode-spring-boot-1.28.0\language-server\BOOT-INF\lib\byte-buddy-1.10.18.jar;c:\Users\lenovo\.vscode\extensions\pivotal.vscode-spring-boot-1.28.0\language-server\BOOT-INF\lib\commons-codec-1.14.jar;c:\Users\lenovo\.vscode\extensions\pivotal.vscode-spring-boot-1.28.0\language-server\BOOT-INF\lib\commons-io-2.4.jar;c:\Users\lenovo\.vscode\extensions\pivotal.vscode-spring-boot-1.28.0\language-server\BOOT-INF\lib\commons-java-1.28.0-SNAPSHOT.jar;c:\Users\lenovo\.vscode\extensions\pivotal.vscode-spring-boot-1.28.0\language-server\BOOT-INF\lib\commons-lang3-3.10.jar;c:\Users\lenovo\.vscode\extensions\pivotal.vscode-spring-boot-1.28.0\language-server\BOOT-INF\lib\commons-language-server-1.28.0-SNAPSHOT.jar;c:\Users\lenovo\.vscode\extensions\pivotal.vscode-spring-boot-1.28.0\language-server\BOOT-INF\lib\commons-lsp-extensions-1.28.0-SNAPSHOT.jar;c:\Users\lenovo\.vscode\extensions\pivotal.vscode-spring-boot-1.28.0\language-server\BOOT-INF\lib\commons-util-1.28.0-SNAPSHOT.jar;c:\Users\lenovo\.vscode\extensions\pivotal.vscode-spring-boot-1.28.0\language-server\BOOT-INF\lib\commons-yaml-1.28.0-SNAPSHOT.jar;c:\Users\lenovo\.vscode\extensions\pivotal.vscode-spring-boot-1.28.0\language-server\BOOT-INF\lib\gson-2.8.6.jar;c:\Users\lenovo\.vscode\extensions\pivotal.vscode-spring-boot-1.28.0\language-server\BOOT-INF\lib\guava-19.0.jar;c:\Users\lenovo\.vscode\extensions\pivotal.vscode-spring-boot-1.28.0\language-server\BOOT-INF\lib\jakarta.annotation-api-1.3.5.jar;c:\Users\lenovo\.vscode\extensions\pivotal.vscode-spring-boot-1.28.0\language-server\BOOT-INF\lib\jandex-2.0.5.Final.jar;c:\Users\lenovo\.vscode\extensions\pivotal.vscode-spring-boot-1.28.0\language-server\BOOT-INF\lib\java-propertie
Launcher Type: SUN_STANDARD

[Global flags]
     intx CICompilerCount                          = 3                                         {product} {ergonomic}
     uint ConcGCThreads                            = 1                                         {product} {ergonomic}
     uint G1ConcRefinementThreads                  = 4                                         {product} {ergonomic}
   size_t G1HeapRegionSize                         = 1048576                                   {product} {ergonomic}
    uintx GCDrainStackTargetSize                   = 64                                        {product} {ergonomic}
   size_t InitialHeapSize                          = 58720256                                  {product} {ergonomic}
   size_t MarkStackSize                            = 4194304                                   {product} {ergonomic}
   size_t MaxHeapSize                              = 916455424                                 {product} {ergonomic}
   size_t MaxNewSize                               = 549453824                                 {product} {ergonomic}
   size_t MinHeapDeltaBytes                        = 1048576                                   {product} {ergonomic}
   size_t MinHeapSize                              = 8388608                                   {product} {ergonomic}
    uintx NonNMethodCodeHeapSize                   = 6973028                                {pd product} {ergonomic}
    uintx NonProfiledCodeHeapSize                  = 244685212                              {pd product} {ergonomic}
    uintx ProfiledCodeHeapSize                     = 0                                      {pd product} {ergonomic}
    uintx ReservedCodeCacheSize                    = 251658240                              {pd product} {ergonomic}
     bool SegmentedCodeCache                       = true                                      {product} {ergonomic}
   size_t SoftMaxHeapSize                          = 916455424                              {manageable} {ergonomic}
     intx TieredStopAtLevel                        = 1                                         {product} {command line}
     bool UseCompressedClassPointers               = true                                 {lp64_product} {ergonomic}
     bool UseCompressedOops                        = true                                 {lp64_product} {ergonomic}
     bool UseG1GC                                  = true                                      {product} {ergonomic}
     bool UseLargePagesIndividualAllocation        = false                                  {pd product} {ergonomic}

Logging:
Log output configuration:
 #0: stdout all=warning uptime,level,tags
 #1: stderr all=off uptime,level,tags

Environment Variables:
PATH=C:\Program Files\AdoptOpenJDK\jdk-15.0.2.7-hotspot\bin;C:\Program Files (x86)\Common Files\Oracle\Java\javapath;C:\WINDOWS\system32;C:\WINDOWS;C:\WINDOWS\System32\Wbem;C:\WINDOWS\System32\WindowsPowerShell\v1.0\;C:\Program Files (x86)\Common Files\lenovo\easyplussdk\bin;C:\Program Files (x86)\ATI Technologies\ATI.ACE\Core-Static;C:\WINDOWS\System32\OpenSSH\;C:\Program Files\nodejs\;C:\Program Files (x86)\Yarn\bin\;C:\Program Files\Microsoft SQL Server\Client SDK\ODBC\130\Tools\Binn\;C:\Program Files (x86)\Microsoft SQL Server\140\Tools\Binn\;C:\Program Files\Microsoft SQL Server\140\Tools\Binn\;C:\Program Files\Microsoft SQL Server\140\DTS\Binn\;C:\Program Files (x86)\Microsoft SQL Server\150\DTS\Binn\;C:\Program Files\Git\cmd;C:\Program Files\AdoptOpenJDK\jdk-11.0.9.101-hotspot\bin;C:\Program Files\MySQL\MySQL Server 5.7\bin;C:\wamp64\bin\php\php7.4.9;C:\ProgramData\ComposerSetup\bin;C:\Users\lenovo\AppData\Local\Programs\Python\Python37-32;C:\Users\lenovo\AppData\Roaming\npm;C:\Users\lenovo\AppData\Local\Yarn\bin;C:\Users\lenovo\AppData\Local\Programs\Microsoft VS Code\bin;C:\Program Files (x86)\heroku\bin;C:\Users\lenovo\AppData\Local\Microsoft\WindowsApps;C:\Users\lenovo\AppData\Roaming\Composer\vendor\bin
USERNAME=lenovo
OS=Windows_NT
PROCESSOR_IDENTIFIER=AMD64 Family 22 Model 48 Stepping 1, AuthenticAMD



---------------  S Y S T E M  ---------------

OS:
 Windows 10 , 64 bit Build 19041 (10.0.19041.1202)
OS uptime: 26 days 2:29 hours

CPU: total 4 (initial active 4) (4 cores per cpu, 1 threads per core) family 22 model 48 stepping 1 microcode 0x0, cmov, cx8, fxsr, mmx, sse, sse2, sse3, ssse3, sse4.1, sse4.2, popcnt, vzeroupper, avx, aes, clmul, 3dnowpref, lzcnt, sse4a, tsc, tscinvbit, tscinv, bmi1, clflush

Memory: 4k page, system-wide physical 3490M (151M free)
TotalPageFile size 14242M (AvailPageFile size 30M)
current process WorkingSet (physical memory assigned to process): 84M, peak: 147M
current process commit charge ("private bytes"): 181M, peak: 182M

vm_info: OpenJDK 64-Bit Server VM (15.0.2+7) for windows-amd64 JRE (15.0.2+7), built on Jan 21 2021 05:54:57 by "" with MS VC++ 15.9 (VS2017)

END.
